[2018-01-19T13:27:31.024] [INFO] default - Env configuration -> 
[2018-01-19T13:27:31.026] [INFO] default - Static resources @ /home/master/Documentos/Interware/Monte-PDF-SOAP/Front_MiMonte/server/client/build
[2018-01-19T13:27:31.026] [INFO] default - config.env undefined
[2018-01-19T13:27:31.026] [INFO] default - hostname localhost
[2018-01-19T13:27:31.027] [INFO] default - mmendpoint https://iamdr.montepiedad.com.mx:4444
[2018-01-19T13:27:31.027] [INFO] default - mmdestinationId 14
[2018-01-19T13:27:31.027] [INFO] default - mmconsumerId 25
[2018-01-19T13:27:31.027] [INFO] default - baseLocalUrl http://localhost
[2018-01-19T13:27:31.027] [INFO] default - token_client_id e24fe3a5-43db-4c83-99ea-e0723e9a9c93
[2018-01-19T13:27:31.027] [INFO] default - token_client_secret 0d7f208d-0a5b-4225-984d-fd4313360e6b
[2018-01-19T13:27:31.027] [INFO] default - server started on http://localhost:3000
[2018-01-19T14:35:32.293] [INFO] default - Env configuration -> 
[2018-01-19T14:35:32.295] [INFO] default - Static resources @ /home/master/Documentos/Interware/Monte-PDF-SOAP/Front_MiMonte/server/client/build
[2018-01-19T14:35:32.295] [INFO] default - config.env undefined
[2018-01-19T14:35:32.295] [INFO] default - hostname localhost
[2018-01-19T14:35:32.295] [INFO] default - mmendpoint https://iamdr.montepiedad.com.mx:4444
[2018-01-19T14:35:32.295] [INFO] default - mmdestinationId 14
[2018-01-19T14:35:32.295] [INFO] default - mmconsumerId 25
[2018-01-19T14:35:32.296] [INFO] default - baseLocalUrl http://localhost
[2018-01-19T14:35:32.296] [INFO] default - token_client_id e24fe3a5-43db-4c83-99ea-e0723e9a9c93
[2018-01-19T14:35:32.296] [INFO] default - token_client_secret 0d7f208d-0a5b-4225-984d-fd4313360e6b
[2018-01-19T14:35:32.296] [INFO] default - server started on http://localhost:3000
[2018-01-19T14:37:38.642] [INFO] default - Env configuration -> 
[2018-01-19T14:37:38.644] [INFO] default - Static resources @ /home/master/Documentos/Interware/Monte-PDF-SOAP/Front_MiMonte/server/client/build
[2018-01-19T14:37:38.644] [INFO] default - config.env undefined
[2018-01-19T14:37:38.644] [INFO] default - hostname localhost
[2018-01-19T14:37:38.644] [INFO] default - mmendpoint https://iamdr.montepiedad.com.mx:4444
[2018-01-19T14:37:38.644] [INFO] default - mmdestinationId 14
[2018-01-19T14:37:38.644] [INFO] default - mmconsumerId 25
[2018-01-19T14:37:38.644] [INFO] default - baseLocalUrl http://localhost
[2018-01-19T14:37:38.644] [INFO] default - token_client_id e24fe3a5-43db-4c83-99ea-e0723e9a9c93
[2018-01-19T14:37:38.644] [INFO] default - token_client_secret 0d7f208d-0a5b-4225-984d-fd4313360e6b
[2018-01-19T14:37:38.644] [INFO] default - server started on http://localhost:3000
[2018-01-19T14:41:26.600] [INFO] default - Env configuration -> 
[2018-01-19T14:41:26.602] [INFO] default - Static resources @ /home/master/Documentos/Interware/Monte-PDF-SOAP/Front_MiMonte/server/client/build
[2018-01-19T14:41:26.602] [INFO] default - config.env undefined
[2018-01-19T14:41:26.602] [INFO] default - hostname localhost
[2018-01-19T14:41:26.602] [INFO] default - mmendpoint https://iamdr.montepiedad.com.mx:4444
[2018-01-19T14:41:26.603] [INFO] default - mmdestinationId 14
[2018-01-19T14:41:26.603] [INFO] default - mmconsumerId 25
[2018-01-19T14:41:26.603] [INFO] default - baseLocalUrl http://localhost
[2018-01-19T14:41:26.603] [INFO] default - token_client_id e24fe3a5-43db-4c83-99ea-e0723e9a9c93
[2018-01-19T14:41:26.603] [INFO] default - token_client_secret 0d7f208d-0a5b-4225-984d-fd4313360e6b
[2018-01-19T14:41:26.603] [INFO] default - server started on http://localhost:3000
[2018-01-19T14:42:52.807] [INFO] default - Env configuration -> 
[2018-01-19T14:42:52.809] [INFO] default - Static resources @ /home/master/Documentos/Interware/Monte-PDF-SOAP/Front_MiMonte/server/client/build
[2018-01-19T14:42:52.809] [INFO] default - config.env undefined
[2018-01-19T14:42:52.809] [INFO] default - hostname localhost
[2018-01-19T14:42:52.809] [INFO] default - mmendpoint https://iamdr.montepiedad.com.mx:4444
[2018-01-19T14:42:52.809] [INFO] default - mmdestinationId 14
[2018-01-19T14:42:52.809] [INFO] default - mmconsumerId 25
[2018-01-19T14:42:52.809] [INFO] default - baseLocalUrl http://localhost
[2018-01-19T14:42:52.809] [INFO] default - token_client_id e24fe3a5-43db-4c83-99ea-e0723e9a9c93
[2018-01-19T14:42:52.809] [INFO] default - token_client_secret 0d7f208d-0a5b-4225-984d-fd4313360e6b
[2018-01-19T14:42:52.809] [INFO] default - server started on http://localhost:3000
[2018-01-19T14:43:58.348] [INFO] default - Env configuration -> 
[2018-01-19T14:43:58.350] [INFO] default - Static resources @ /home/master/Documentos/Interware/Monte-PDF-SOAP/Front_MiMonte/server/client/build
[2018-01-19T14:43:58.351] [INFO] default - config.env undefined
[2018-01-19T14:43:58.351] [INFO] default - hostname localhost
[2018-01-19T14:43:58.351] [INFO] default - mmendpoint https://iamdr.montepiedad.com.mx:4444
[2018-01-19T14:43:58.351] [INFO] default - mmdestinationId 14
[2018-01-19T14:43:58.351] [INFO] default - mmconsumerId 25
[2018-01-19T14:43:58.351] [INFO] default - baseLocalUrl http://localhost
[2018-01-19T14:43:58.351] [INFO] default - token_client_id e24fe3a5-43db-4c83-99ea-e0723e9a9c93
[2018-01-19T14:43:58.351] [INFO] default - token_client_secret 0d7f208d-0a5b-4225-984d-fd4313360e6b
[2018-01-19T14:43:58.351] [INFO] default - server started on http://localhost:3000
[2018-01-22T09:39:59.680] [INFO] default - Env configuration -> 
[2018-01-22T09:39:59.682] [INFO] default - Static resources @ /home/master/Documentos/Interware/Monte-PDF-SOAP/Front_MiMonte/server/client/build
[2018-01-22T09:39:59.682] [INFO] default - config.env undefined
[2018-01-22T09:39:59.682] [INFO] default - hostname localhost
[2018-01-22T09:39:59.682] [INFO] default - mmendpoint https://iamdr.montepiedad.com.mx:4444
[2018-01-22T09:39:59.683] [INFO] default - mmdestinationId 14
[2018-01-22T09:39:59.683] [INFO] default - mmconsumerId 25
[2018-01-22T09:39:59.683] [INFO] default - baseLocalUrl http://localhost
[2018-01-22T09:39:59.683] [INFO] default - token_client_id e24fe3a5-43db-4c83-99ea-e0723e9a9c93
[2018-01-22T09:39:59.683] [INFO] default - token_client_secret 0d7f208d-0a5b-4225-984d-fd4313360e6b
[2018-01-22T09:39:59.683] [INFO] default - server started on http://localhost:3000
[2018-01-22T09:43:33.946] [INFO] default - Env configuration -> 
[2018-01-22T09:43:33.949] [INFO] default - Static resources @ /home/master/Documentos/Interware/Monte-PDF-SOAP/Front_MiMonte/server/client/build
[2018-01-22T09:43:33.949] [INFO] default - config.env undefined
[2018-01-22T09:43:33.949] [INFO] default - hostname localhost
[2018-01-22T09:43:33.949] [INFO] default - mmendpoint https://iamdr.montepiedad.com.mx:4444
[2018-01-22T09:43:33.949] [INFO] default - mmdestinationId 14
[2018-01-22T09:43:33.949] [INFO] default - mmconsumerId 25
[2018-01-22T09:43:33.950] [INFO] default - baseLocalUrl http://localhost
[2018-01-22T09:43:33.950] [INFO] default - token_client_id e24fe3a5-43db-4c83-99ea-e0723e9a9c93
[2018-01-22T09:43:33.950] [INFO] default - token_client_secret 0d7f208d-0a5b-4225-984d-fd4313360e6b
[2018-01-22T09:43:33.950] [INFO] default - server started on http://localhost:3000
[2018-01-22T09:48:53.322] [INFO] default - Env configuration -> 
[2018-01-22T09:48:53.325] [INFO] default - Static resources @ /home/master/Documentos/Interware/Monte-PDF-SOAP/Front_MiMonte/server/client/build
[2018-01-22T09:48:53.325] [INFO] default - config.env undefined
[2018-01-22T09:48:53.325] [INFO] default - hostname localhost
[2018-01-22T09:48:53.325] [INFO] default - mmendpoint https://iamdr.montepiedad.com.mx:4444
[2018-01-22T09:48:53.326] [INFO] default - mmdestinationId 14
[2018-01-22T09:48:53.326] [INFO] default - mmconsumerId 25
[2018-01-22T09:48:53.326] [INFO] default - baseLocalUrl http://localhost
[2018-01-22T09:48:53.326] [INFO] default - token_client_id 25e24fe3a5-43db-4c83-99ea-e0723e9a9c93
[2018-01-22T09:48:53.326] [INFO] default - token_client_secret 0d7f208d-0a5b-4225-984d-fd4313360e6b
[2018-01-22T09:48:53.326] [INFO] default - server started on http://localhost:3000
[2018-01-22T12:00:46.390] [INFO] default - Env configuration -> 
[2018-01-22T12:00:46.393] [INFO] default - Static resources @ /home/master/Documentos/Interware/Monte-PDF-SOAP/Front_MiMonte/server/client/build
[2018-01-22T12:00:46.393] [INFO] default - config.env undefined
[2018-01-22T12:00:46.393] [INFO] default - hostname localhost
[2018-01-22T12:00:46.393] [INFO] default - mmendpoint https://iamdr.montepiedad.com.mx:4444
[2018-01-22T12:00:46.393] [INFO] default - mmdestinationId 14
[2018-01-22T12:00:46.393] [INFO] default - mmconsumerId 25
[2018-01-22T12:00:46.393] [INFO] default - baseLocalUrl http://localhost
[2018-01-22T12:00:46.393] [INFO] default - token_client_id 25e24fe3a5-43db-4c83-99ea-e0723e9a9c93
[2018-01-22T12:00:46.393] [INFO] default - token_client_secret 0d7f208d-0a5b-4225-984d-fd4313360e6b
[2018-01-22T12:00:46.393] [INFO] default - server started on http://localhost:3000
[2018-01-22T12:48:39.098] [INFO] default - Env configuration -> 
[2018-01-22T12:48:39.101] [INFO] default - Static resources @ /home/master/Documentos/Interware/Monte-PDF-SOAP/Front_MiMonte/server/client/build
[2018-01-22T12:48:39.101] [INFO] default - config.env undefined
[2018-01-22T12:48:39.101] [INFO] default - hostname localhost
[2018-01-22T12:48:39.101] [INFO] default - mmendpoint https://iamdr.montepiedad.com.mx:4444
[2018-01-22T12:48:39.101] [INFO] default - mmdestinationId 14
[2018-01-22T12:48:39.101] [INFO] default - mmconsumerId 25
[2018-01-22T12:48:39.102] [INFO] default - baseLocalUrl http://localhost
[2018-01-22T12:48:39.102] [INFO] default - token_client_id 25e24fe3a5-43db-4c83-99ea-e0723e9a9c93
[2018-01-22T12:48:39.102] [INFO] default - token_client_secret 0d7f208d-0a5b-4225-984d-fd4313360e6b
[2018-01-22T12:48:39.102] [INFO] default - server started on http://localhost:3000
